Started GET "/" for 127.0.0.1 at 2019-02-26 19:56:35 +0900
  [1m[35m (0.3ms)[0m  [1m[35mSET NAMES utf8,  @@SESSION.sql_mode = CONCAT(CONCAT(@@sql_mode, ',STRICT_ALL_TABLES'), ',NO_AUTO_VALUE_ON_ZERO'),  @@SESSION.sql_auto_is_null = 0, @@SESSION.wait_timeout = 2147483[0m
  â†³ /Users/yuya/.rbenv/versions/2.3.1/lib/ruby/gems/2.3.0/gems/activerecord-5.2.2/lib/active_record/log_subscriber.rb:98
Processing by SalonsController#index as HTML
  Rendering salons/index.html.haml within layouts/application
  Rendered salons/index.html.haml within layouts/application (6.1ms)
Completed 200 OK in 271ms (Views: 263.1ms | ActiveRecord: 0.0ms)


Started GET "/" for 127.0.0.1 at 2019-02-26 20:10:35 +0900
  [1m[35m (0.4ms)[0m  [1m[35mSET NAMES utf8,  @@SESSION.sql_mode = CONCAT(CONCAT(@@sql_mode, ',STRICT_ALL_TABLES'), ',NO_AUTO_VALUE_ON_ZERO'),  @@SESSION.sql_auto_is_null = 0, @@SESSION.wait_timeout = 2147483[0m
  â†³ /Users/yuya/.rbenv/versions/2.3.1/lib/ruby/gems/2.3.0/gems/activerecord-5.2.2/lib/active_record/log_subscriber.rb:98
Processing by SalonsController#index as HTML
  Rendering salons/index.html.haml within layouts/application
  Rendered salons/index.html.haml within layouts/application (15.5ms)
Completed 200 OK in 42ms (Views: 39.4ms | ActiveRecord: 0.0ms)


Started GET "/" for 127.0.0.1 at 2019-03-04 20:23:44 +0900
  [1m[35m (52.1ms)[0m  [1m[35mSET NAMES utf8,  @@SESSION.sql_mode = CONCAT(CONCAT(@@sql_mode, ',STRICT_ALL_TABLES'), ',NO_AUTO_VALUE_ON_ZERO'),  @@SESSION.sql_auto_is_null = 0, @@SESSION.wait_timeout = 2147483[0m
  â†³ /Users/yuya/.rbenv/versions/2.3.1/lib/ruby/gems/2.3.0/gems/activerecord-5.2.2/lib/active_record/log_subscriber.rb:98
Processing by SalonsController#index as HTML
  Rendering salons/index.html.haml within layouts/application
  Rendered salons/index.html.haml within layouts/application (90.0ms)
Completed 200 OK in 304ms (Views: 233.9ms | ActiveRecord: 0.0ms)


Started GET "/" for 127.0.0.1 at 2019-03-04 20:28:48 +0900
Processing by SalonsController#index as HTML
  Rendering salons/index.html.haml within layouts/application
  Rendered salons/index.html.haml within layouts/application (9.4ms)
Completed 200 OK in 126ms (Views: 120.2ms | ActiveRecord: 0.0ms)


Started GET "/" for 127.0.0.1 at 2019-03-04 20:29:51 +0900
Processing by SalonsController#index as HTML
  Rendering salons/index.html.haml within layouts/application
  Rendered salons/index.html.haml within layouts/application (11.4ms)
Completed 200 OK in 50ms (Views: 46.4ms | ActiveRecord: 0.0ms)


Started GET "/" for 127.0.0.1 at 2019-03-04 20:30:31 +0900
Processing by SalonsController#index as HTML
  Rendering salons/index.html.haml within layouts/application
  Rendered salons/index.html.haml within layouts/application (11.7ms)
Completed 200 OK in 85ms (Views: 82.3ms | ActiveRecord: 0.0ms)


Started GET "/" for 127.0.0.1 at 2019-03-04 20:37:02 +0900
  [1m[35m (1.3ms)[0m  [1m[35mSET NAMES utf8,  @@SESSION.sql_mode = CONCAT(CONCAT(@@sql_mode, ',STRICT_ALL_TABLES'), ',NO_AUTO_VALUE_ON_ZERO'),  @@SESSION.sql_auto_is_null = 0, @@SESSION.wait_timeout = 2147483[0m
  â†³ /Users/yuya/.rbenv/versions/2.3.1/lib/ruby/gems/2.3.0/gems/activerecord-5.2.2/lib/active_record/log_subscriber.rb:98
Processing by SalonsController#index as HTML
  Rendering salons/index.html.haml within layouts/application
  Rendered salons/index.html.haml within layouts/application (30.1ms)
Completed 200 OK in 142ms (Views: 129.4ms | ActiveRecord: 0.0ms)


Started GET "/" for 127.0.0.1 at 2019-03-04 20:42:34 +0900
Processing by SalonsController#index as HTML
  Rendering salons/index.html.haml within layouts/application
  Rendered salons/index.html.haml within layouts/application (32.4ms)
Completed 200 OK in 145ms (Views: 138.5ms | ActiveRecord: 0.0ms)


Started GET "/" for 127.0.0.1 at 2019-03-04 20:43:17 +0900
Processing by SalonsController#index as HTML
  Rendering salons/index.html.haml within layouts/application
  Rendered salons/index.html.haml within layouts/application (19.8ms)
Completed 200 OK in 54ms (Views: 51.2ms | ActiveRecord: 0.0ms)


Started GET "/" for 127.0.0.1 at 2019-03-04 20:44:35 +0900
Processing by SalonsController#index as HTML
  Rendering salons/index.html.haml within layouts/application
  Rendered salons/index.html.haml within layouts/application (44.0ms)
Completed 200 OK in 100ms (Views: 94.7ms | ActiveRecord: 0.0ms)


Started GET "/" for 127.0.0.1 at 2019-03-04 20:45:25 +0900
Processing by SalonsController#index as HTML
  Rendering salons/index.html.haml within layouts/application
  Rendered salons/index.html.haml within layouts/application (14.7ms)
Completed 200 OK in 77ms (Views: 74.3ms | ActiveRecord: 0.0ms)


Started GET "/" for 127.0.0.1 at 2019-03-04 20:45:56 +0900
Processing by SalonsController#index as HTML
  Rendering salons/index.html.haml within layouts/application
  Rendered salons/index.html.haml within layouts/application (12.8ms)
Completed 200 OK in 70ms (Views: 66.4ms | ActiveRecord: 0.0ms)


Started GET "/" for 127.0.0.1 at 2019-03-04 20:47:49 +0900
Processing by SalonsController#index as HTML
  Rendering salons/index.html.haml within layouts/application
  Rendered salons/index.html.haml within layouts/application (11.8ms)
Completed 200 OK in 66ms (Views: 61.6ms | ActiveRecord: 0.0ms)


Started GET "/" for 127.0.0.1 at 2019-03-04 20:48:30 +0900
Processing by SalonsController#index as HTML
  Rendering salons/index.html.haml within layouts/application
  Rendered salons/index.html.haml within layouts/application (10.5ms)
Completed 200 OK in 65ms (Views: 62.3ms | ActiveRecord: 0.0ms)


Started GET "/" for 127.0.0.1 at 2019-03-04 20:48:55 +0900
Processing by SalonsController#index as HTML
  Rendering salons/index.html.haml within layouts/application
  Rendered salons/index.html.haml within layouts/application (5.8ms)
Completed 200 OK in 79ms (Views: 77.0ms | ActiveRecord: 0.0ms)


Started GET "/" for 127.0.0.1 at 2019-03-04 20:49:04 +0900
Processing by SalonsController#index as HTML
  Rendering salons/index.html.haml within layouts/application
  Rendered salons/index.html.haml within layouts/application (15.5ms)
Completed 200 OK in 70ms (Views: 67.6ms | ActiveRecord: 0.0ms)


Started GET "/" for 127.0.0.1 at 2019-03-04 20:49:17 +0900
Processing by SalonsController#index as HTML
  Rendering salons/index.html.haml within layouts/application
  Rendered salons/index.html.haml within layouts/application (7.2ms)
Completed 200 OK in 39ms (Views: 36.1ms | ActiveRecord: 0.0ms)


Started GET "/" for 127.0.0.1 at 2019-03-04 20:50:11 +0900
Processing by SalonsController#index as HTML
  Rendering salons/index.html.haml within layouts/application
  Rendered salons/index.html.haml within layouts/application (5.4ms)
Completed 200 OK in 48ms (Views: 45.6ms | ActiveRecord: 0.0ms)


Started GET "/" for 127.0.0.1 at 2019-03-04 20:50:25 +0900
Processing by SalonsController#index as HTML
  Rendering salons/index.html.haml within layouts/application
  Rendered salons/index.html.haml within layouts/application (8.3ms)
Completed 200 OK in 67ms (Views: 58.4ms | ActiveRecord: 0.0ms)


Started GET "/" for 127.0.0.1 at 2019-03-04 20:51:01 +0900
Processing by SalonsController#index as HTML
  Rendering salons/index.html.haml within layouts/application
  Rendered salons/index.html.haml within layouts/application (6.5ms)
Completed 200 OK in 50ms (Views: 47.6ms | ActiveRecord: 0.0ms)


Started GET "/" for 127.0.0.1 at 2019-03-04 20:52:01 +0900
Processing by SalonsController#index as HTML
  Rendering salons/index.html.haml within layouts/application
  Rendered salons/index.html.haml within layouts/application (5.6ms)
Completed 200 OK in 54ms (Views: 50.8ms | ActiveRecord: 0.0ms)


Started GET "/" for 127.0.0.1 at 2019-03-04 20:53:25 +0900
Processing by SalonsController#index as HTML
  Rendering salons/index.html.haml within layouts/application
  Rendered salons/index.html.haml within layouts/application (4.1ms)
Completed 200 OK in 52ms (Views: 50.3ms | ActiveRecord: 0.0ms)


Started GET "/" for 127.0.0.1 at 2019-03-04 21:01:49 +0900
  [1m[35m (0.8ms)[0m  [1m[35mSET NAMES utf8,  @@SESSION.sql_mode = CONCAT(CONCAT(@@sql_mode, ',STRICT_ALL_TABLES'), ',NO_AUTO_VALUE_ON_ZERO'),  @@SESSION.sql_auto_is_null = 0, @@SESSION.wait_timeout = 2147483[0m
  â†³ /Users/yuya/.rbenv/versions/2.3.1/lib/ruby/gems/2.3.0/gems/activerecord-5.2.2/lib/active_record/log_subscriber.rb:98
Processing by SalonsController#index as HTML
  Rendering salons/index.html.haml within layouts/application
  Rendered salons/index.html.haml within layouts/application (16.6ms)
Completed 200 OK in 100ms (Views: 96.5ms | ActiveRecord: 0.0ms)


Started GET "/" for 127.0.0.1 at 2019-03-04 21:04:35 +0900
Processing by SalonsController#index as HTML
  Rendering salons/index.html.haml within layouts/application
  Rendered salons/index.html.haml within layouts/application (24.4ms)
Completed 200 OK in 117ms (Views: 107.8ms | ActiveRecord: 0.0ms)


Started GET "/" for 127.0.0.1 at 2019-03-04 21:04:44 +0900
Processing by SalonsController#index as HTML
  Rendering salons/index.html.haml within layouts/application
  Rendered salons/index.html.haml within layouts/application (11.8ms)
Completed 200 OK in 72ms (Views: 66.5ms | ActiveRecord: 0.0ms)


Started GET "/" for 127.0.0.1 at 2019-03-04 21:05:40 +0900
Processing by SalonsController#index as HTML
  Rendering salons/index.html.haml within layouts/application
  Rendered salons/index.html.haml within layouts/application (13.4ms)
Completed 200 OK in 65ms (Views: 59.1ms | ActiveRecord: 0.0ms)


Started GET "/" for 127.0.0.1 at 2019-03-04 21:05:58 +0900
Processing by SalonsController#index as HTML
  Rendering salons/index.html.haml within layouts/application
  Rendered salons/index.html.haml within layouts/application (11.6ms)
Completed 200 OK in 69ms (Views: 65.7ms | ActiveRecord: 0.0ms)


Started GET "/" for 127.0.0.1 at 2019-03-04 21:06:49 +0900
Processing by SalonsController#index as HTML
  Rendering salons/index.html.haml within layouts/application
  Rendered salons/index.html.haml within layouts/application (12.1ms)
Completed 200 OK in 68ms (Views: 64.2ms | ActiveRecord: 0.0ms)


Started GET "/" for 127.0.0.1 at 2019-03-04 21:07:51 +0900
Processing by SalonsController#index as HTML
  Rendering salons/index.html.haml within layouts/application
  Rendered salons/index.html.haml within layouts/application (17.2ms)
Completed 200 OK in 82ms (Views: 78.8ms | ActiveRecord: 0.0ms)


Started GET "/" for 127.0.0.1 at 2019-03-04 21:08:25 +0900
Processing by SalonsController#index as HTML
  Rendering salons/index.html.haml within layouts/application
  Rendered salons/index.html.haml within layouts/application (17.1ms)
Completed 200 OK in 94ms (Views: 89.6ms | ActiveRecord: 0.0ms)


Started GET "/" for 127.0.0.1 at 2019-03-04 21:09:52 +0900
Processing by SalonsController#index as HTML
  Rendering salons/index.html.haml within layouts/application
  Rendered salons/index.html.haml within layouts/application (11.6ms)
Completed 200 OK in 58ms (Views: 52.4ms | ActiveRecord: 0.0ms)


Started GET "/" for 127.0.0.1 at 2019-03-04 21:12:34 +0900
Processing by SalonsController#index as HTML
  Rendering salons/index.html.haml within layouts/application
  Rendered salons/index.html.haml within layouts/application (10.0ms)
Completed 200 OK in 54ms (Views: 51.0ms | ActiveRecord: 0.0ms)


Started GET "/" for 127.0.0.1 at 2019-03-04 21:13:40 +0900
Processing by SalonsController#index as HTML
  Rendering salons/index.html.haml within layouts/application
  Rendered salons/index.html.haml within layouts/application (9.0ms)
Completed 200 OK in 61ms (Views: 58.0ms | ActiveRecord: 0.0ms)


Started GET "/" for 127.0.0.1 at 2019-03-04 21:19:11 +0900
  [1m[35m (1.1ms)[0m  [1m[35mSET NAMES utf8,  @@SESSION.sql_mode = CONCAT(CONCAT(@@sql_mode, ',STRICT_ALL_TABLES'), ',NO_AUTO_VALUE_ON_ZERO'),  @@SESSION.sql_auto_is_null = 0, @@SESSION.wait_timeout = 2147483[0m
  â†³ /Users/yuya/.rbenv/versions/2.3.1/lib/ruby/gems/2.3.0/gems/activerecord-5.2.2/lib/active_record/log_subscriber.rb:98
Processing by SalonsController#index as HTML
  Rendering salons/index.html.haml within layouts/application
  Rendered salons/index.html.haml within layouts/application (18.4ms)
Completed 200 OK in 113ms (Views: 101.1ms | ActiveRecord: 0.0ms)


Started GET "/" for 127.0.0.1 at 2019-03-04 21:26:59 +0900
  [1m[35m (0.4ms)[0m  [1m[35mSET NAMES utf8,  @@SESSION.sql_mode = CONCAT(CONCAT(@@sql_mode, ',STRICT_ALL_TABLES'), ',NO_AUTO_VALUE_ON_ZERO'),  @@SESSION.sql_auto_is_null = 0, @@SESSION.wait_timeout = 2147483[0m
  â†³ /Users/yuya/.rbenv/versions/2.3.1/lib/ruby/gems/2.3.0/gems/activerecord-5.2.2/lib/active_record/log_subscriber.rb:98
Processing by SalonsController#index as HTML
  Rendering salons/index.html.haml within layouts/application
  Rendered salons/index.html.haml within layouts/application (10.0ms)
Completed 200 OK in 81ms (Views: 77.4ms | ActiveRecord: 0.0ms)


Started GET "/" for 127.0.0.1 at 2019-03-04 21:28:01 +0900
Processing by SalonsController#index as HTML
  Rendering salons/index.html.haml within layouts/application
  Rendered salons/index.html.haml within layouts/application (14.9ms)
Completed 200 OK in 101ms (Views: 97.8ms | ActiveRecord: 0.0ms)


Started GET "/" for 127.0.0.1 at 2019-03-04 21:31:47 +0900
Processing by SalonsController#index as HTML
  Rendering salons/index.html.haml within layouts/application
  Rendered salons/index.html.haml within layouts/application (7.2ms)
Completed 200 OK in 62ms (Views: 57.6ms | ActiveRecord: 0.0ms)


Started GET "/" for 127.0.0.1 at 2019-03-04 21:32:42 +0900
Processing by SalonsController#index as HTML
  Rendering salons/index.html.haml within layouts/application
  Rendered salons/index.html.haml within layouts/application (10.2ms)
Completed 200 OK in 55ms (Views: 52.0ms | ActiveRecord: 0.0ms)


Started GET "/" for 127.0.0.1 at 2019-03-04 21:32:51 +0900
Processing by SalonsController#index as HTML
  Rendering salons/index.html.haml within layouts/application
  Rendered salons/index.html.haml within layouts/application (8.0ms)
Completed 200 OK in 51ms (Views: 48.1ms | ActiveRecord: 0.0ms)


Started GET "/" for 127.0.0.1 at 2019-03-04 21:37:07 +0900
Processing by SalonsController#index as HTML
  Rendering salons/index.html.haml within layouts/application
  Rendered salons/index.html.haml within layouts/application (18.4ms)
Completed 200 OK in 87ms (Views: 79.8ms | ActiveRecord: 0.0ms)


Started GET "/" for 127.0.0.1 at 2019-03-04 21:45:03 +0900
  [1m[35m (1.0ms)[0m  [1m[35mSET NAMES utf8,  @@SESSION.sql_mode = CONCAT(CONCAT(@@sql_mode, ',STRICT_ALL_TABLES'), ',NO_AUTO_VALUE_ON_ZERO'),  @@SESSION.sql_auto_is_null = 0, @@SESSION.wait_timeout = 2147483[0m
  â†³ /Users/yuya/.rbenv/versions/2.3.1/lib/ruby/gems/2.3.0/gems/activerecord-5.2.2/lib/active_record/log_subscriber.rb:98
Processing by SalonsController#index as HTML
  Rendering salons/index.html.haml within layouts/application
  Rendered salons/index.html.haml within layouts/application (41.9ms)
Completed 200 OK in 134ms (Views: 121.9ms | ActiveRecord: 0.0ms)


Started GET "/" for 127.0.0.1 at 2019-03-04 21:47:42 +0900
Processing by SalonsController#index as HTML
  Rendering salons/index.html.haml within layouts/application
  Rendered salons/index.html.haml within layouts/application (1144.6ms)
Completed 500 Internal Server Error in 1155ms (ActiveRecord: 0.0ms)


  
ActionView::Template::Error (undefined local variable or method `man1' for #<#<Class:0x007ff666328bb0>:0x007ff66795c210>):
    15:         ãŠã™ã™ã‚ã®ã‚µãƒ­ãƒ³
    16:       .main-contens--salon
    17:         .main-contents--image
    18:           = man1.png
    19:         .main-contents--body
    20:           .main-contents--reviews
    21:             â˜…â˜…â˜…â˜…â˜†
  
app/views/salons/index.html.haml:18:in `_app_views_salons_index_html_haml__3891622265345263466_70348138291860'
Started GET "/" for 127.0.0.1 at 2019-03-04 21:48:39 +0900
Processing by SalonsController#index as HTML
  Rendering salons/index.html.haml within layouts/application
  Rendered salons/index.html.haml within layouts/application (292.9ms)
Completed 200 OK in 349ms (Views: 345.0ms | ActiveRecord: 0.0ms)


Started GET "/" for 127.0.0.1 at 2019-03-04 21:49:34 +0900
Processing by SalonsController#index as HTML
  Rendering salons/index.html.haml within layouts/application
  Rendered salons/index.html.haml within layouts/application (16.3ms)
Completed 200 OK in 43ms (Views: 40.3ms | ActiveRecord: 0.0ms)


Started GET "/" for 127.0.0.1 at 2019-03-04 21:50:10 +0900
Processing by SalonsController#index as HTML
  Rendering salons/index.html.haml within layouts/application
  Rendered salons/index.html.haml within layouts/application (31.9ms)
Completed 200 OK in 77ms (Views: 72.2ms | ActiveRecord: 0.0ms)


Started GET "/" for 127.0.0.1 at 2019-03-04 21:50:54 +0900
Processing by SalonsController#index as HTML
  Rendering salons/index.html.haml within layouts/application
  Rendered salons/index.html.haml within layouts/application (19.3ms)
Completed 200 OK in 63ms (Views: 56.9ms | ActiveRecord: 0.0ms)


Started GET "/" for 127.0.0.1 at 2019-03-04 21:51:18 +0900
Processing by SalonsController#index as HTML
  Rendering salons/index.html.haml within layouts/application
  Rendered salons/index.html.haml within layouts/application (18.8ms)
Completed 200 OK in 62ms (Views: 59.6ms | ActiveRecord: 0.0ms)


Started GET "/" for 127.0.0.1 at 2019-03-04 21:51:31 +0900
Processing by SalonsController#index as HTML
  Rendering salons/index.html.haml within layouts/application
  Rendered salons/index.html.haml within layouts/application (28.0ms)
Completed 200 OK in 67ms (Views: 64.2ms | ActiveRecord: 0.0ms)


Started GET "/" for 127.0.0.1 at 2019-03-05 15:18:08 +0900
  [1m[35m (38.6ms)[0m  [1m[35mSET NAMES utf8,  @@SESSION.sql_mode = CONCAT(CONCAT(@@sql_mode, ',STRICT_ALL_TABLES'), ',NO_AUTO_VALUE_ON_ZERO'),  @@SESSION.sql_auto_is_null = 0, @@SESSION.wait_timeout = 2147483[0m
  â†³ /Users/yuya/.rbenv/versions/2.3.1/lib/ruby/gems/2.3.0/gems/activerecord-5.2.2/lib/active_record/log_subscriber.rb:98
Processing by SalonsController#index as HTML
  Rendering salons/index.html.haml within layouts/application
  Rendered salons/index.html.haml within layouts/application (89.9ms)
Completed 500 Internal Server Error in 121ms (ActiveRecord: 0.0ms)


  
ActionView::Template::Error (undefined method `symbolize_keys' for "140x290":String):
    16:       .main-contens--salon--conteiner
    17:         .main-contens--salon
    18:           .main-contents--image
    19:             = image_tag("man1.png", "140x290")
    20:           .main-contents--body
    21:             .main-contents--reviews
    22:               â˜…â˜…â˜…â˜…â˜†
  
app/views/salons/index.html.haml:19:in `_app_views_salons_index_html_haml__3891622265345263466_70348180444140'
Started GET "/" for 127.0.0.1 at 2019-03-05 15:18:33 +0900
Processing by SalonsController#index as HTML
  Rendering salons/index.html.haml within layouts/application
  Rendered salons/index.html.haml within layouts/application (55.2ms)
Completed 200 OK in 93ms (Views: 89.6ms | ActiveRecord: 0.0ms)


Started GET "/" for 127.0.0.1 at 2019-03-05 15:19:06 +0900
Processing by SalonsController#index as HTML
  Rendering salons/index.html.haml within layouts/application
  Rendered salons/index.html.haml within layouts/application (10.6ms)
Completed 200 OK in 34ms (Views: 32.0ms | ActiveRecord: 0.0ms)


Started GET "/" for 127.0.0.1 at 2019-03-05 15:19:26 +0900
Processing by SalonsController#index as HTML
  Rendering salons/index.html.haml within layouts/application
  Rendered salons/index.html.haml within layouts/application (11.5ms)
Completed 200 OK in 34ms (Views: 31.7ms | ActiveRecord: 0.0ms)


Started GET "/" for 127.0.0.1 at 2019-03-05 15:22:56 +0900
Processing by SalonsController#index as HTML
  Rendering salons/index.html.haml within layouts/application
  Rendered salons/index.html.haml within layouts/application (11.6ms)
Completed 200 OK in 47ms (Views: 43.2ms | ActiveRecord: 0.0ms)


Started GET "/" for 127.0.0.1 at 2019-03-05 15:26:59 +0900
Processing by SalonsController#index as HTML
  Rendering salons/index.html.haml within layouts/application
  Rendered salons/index.html.haml within layouts/application (11.7ms)
Completed 200 OK in 55ms (Views: 52.2ms | ActiveRecord: 0.0ms)


Started GET "/" for 127.0.0.1 at 2019-03-05 15:27:40 +0900
Processing by SalonsController#index as HTML
  Rendering salons/index.html.haml within layouts/application
  Rendered salons/index.html.haml within layouts/application (11.9ms)
Completed 200 OK in 54ms (Views: 51.7ms | ActiveRecord: 0.0ms)


Started GET "/" for 127.0.0.1 at 2019-03-05 15:28:43 +0900
Processing by SalonsController#index as HTML
  Rendering salons/index.html.haml within layouts/application
  Rendered salons/index.html.haml within layouts/application (18.9ms)
Completed 200 OK in 56ms (Views: 52.2ms | ActiveRecord: 0.0ms)


Started GET "/" for 127.0.0.1 at 2019-03-05 15:29:14 +0900
Processing by SalonsController#index as HTML
  Rendering salons/index.html.haml within layouts/application
  Rendered salons/index.html.haml within layouts/application (11.9ms)
Completed 200 OK in 43ms (Views: 39.2ms | ActiveRecord: 0.0ms)


Started GET "/" for 127.0.0.1 at 2019-03-05 15:30:19 +0900
Processing by SalonsController#index as HTML
  Rendering salons/index.html.haml within layouts/application
  Rendered salons/index.html.haml within layouts/application (27.5ms)
Completed 200 OK in 51ms (Views: 47.3ms | ActiveRecord: 0.0ms)


Started GET "/" for 127.0.0.1 at 2019-03-05 15:33:35 +0900
Processing by SalonsController#index as HTML
  Rendering salons/index.html.haml within layouts/application
  Rendered salons/index.html.haml within layouts/application (29.9ms)
Completed 200 OK in 67ms (Views: 63.6ms | ActiveRecord: 0.0ms)


Started GET "/" for 127.0.0.1 at 2019-03-05 15:34:33 +0900
Processing by SalonsController#index as HTML
  Rendering salons/index.html.haml within layouts/application
  Rendered salons/index.html.haml within layouts/application (27.8ms)
Completed 200 OK in 57ms (Views: 53.7ms | ActiveRecord: 0.0ms)


Started GET "/" for 127.0.0.1 at 2019-03-05 15:35:16 +0900
Processing by SalonsController#index as HTML
  Rendering salons/index.html.haml within layouts/application
  Rendered salons/index.html.haml within layouts/application (24.7ms)
Completed 200 OK in 59ms (Views: 57.0ms | ActiveRecord: 0.0ms)


Started GET "/" for 127.0.0.1 at 2019-03-05 15:39:05 +0900
Processing by SalonsController#index as HTML
  Rendering salons/index.html.haml within layouts/application
  Rendered salons/index.html.haml within layouts/application (19.8ms)
Completed 500 Internal Server Error in 28ms (ActiveRecord: 0.0ms)


  
SyntaxError (/Users/yuya/online_salon_reviews/app/views/salons/index.html.haml:139: syntax error, unexpected keyword_ensure, expecting end-of-input):
  
app/views/salons/index.html.haml:139: syntax error, unexpected keyword_ensure, expecting end-of-input
Started GET "/" for 127.0.0.1 at 2019-03-05 15:39:14 +0900
Processing by SalonsController#index as HTML
  Rendering salons/index.html.haml within layouts/application
  Rendered salons/_header.html.haml (2.7ms)
  Rendered salons/index.html.haml within layouts/application (31.7ms)
Completed 200 OK in 69ms (Views: 64.1ms | ActiveRecord: 0.0ms)


Started GET "/" for 127.0.0.1 at 2019-03-05 15:41:11 +0900
Processing by SalonsController#index as HTML
  Rendering salons/index.html.haml within layouts/application
  Rendered salons/_header.html.haml (9.5ms)
  Rendered salons/index.html.haml within layouts/application (94.3ms)
Completed 500 Internal Server Error in 127ms (ActiveRecord: 0.0ms)


  
ActionView::Template::Error (Missing partial salons/_recommend, application/_recommend with {:locale=>[:en], :formats=>[:html], :variants=>[], :handlers=>[:raw, :erb, :html, :builder, :ruby, :coffee, :jbuilder, :haml]}. Searched in:
  * "/Users/yuya/online_salon_reviews/app/views"
):
    1: .wrapper
    2:   = render("header")
    3:   .main-contents--wrapper
    4:     = render("recommend")
    5:     .main-contents--conteiner
    6:       .main-contents--title
    7:         æ–°ç€ã‚µãƒ­ãƒ³
  
app/views/salons/index.html.haml:4:in `_app_views_salons_index_html_haml__3891622265345263466_70348132055160'
Started GET "/" for 127.0.0.1 at 2019-03-05 15:42:11 +0900
Processing by SalonsController#index as HTML
  Rendering salons/index.html.haml within layouts/application
  Rendered salons/_header.html.haml (4.0ms)
  Rendered salons/index.html.haml within layouts/application (26.8ms)
Completed 500 Internal Server Error in 37ms (ActiveRecord: 0.0ms)


  
ActionView::Template::Error (Missing partial salons/_recommend, application/_recommend with {:locale=>[:en], :formats=>[:html], :variants=>[], :handlers=>[:raw, :erb, :html, :builder, :ruby, :coffee, :jbuilder, :haml]}. Searched in:
  * "/Users/yuya/online_salon_reviews/app/views"
):
    1: .wrapper
    2:   = render("header")
    3:   .main-contents--wrapper
    4:     = render("recommend")
    5:     .main-contents--conteiner
    6:       .main-contents--title
    7:         æ–°ç€ã‚µãƒ­ãƒ³
  
app/views/salons/index.html.haml:4:in `_app_views_salons_index_html_haml__3891622265345263466_70348138878560'
Started GET "/" for 127.0.0.1 at 2019-03-05 15:43:43 +0900
Processing by SalonsController#index as HTML
  Rendering salons/index.html.haml within layouts/application
  Rendered salons/_header.html.haml (3.0ms)
  Rendered salons/_recommend.html.haml (20.9ms)
  Rendered salons/index.html.haml within layouts/application (42.2ms)
Completed 200 OK in 73ms (Views: 70.0ms | ActiveRecord: 0.0ms)


Started GET "/" for 127.0.0.1 at 2019-03-05 15:46:21 +0900
Processing by SalonsController#index as HTML
  Rendering salons/index.html.haml within layouts/application
  Rendered salons/index.html.haml within layouts/application (4.3ms)
Completed 500 Internal Server Error in 12ms (ActiveRecord: 0.0ms)


  
SyntaxError (/Users/yuya/online_salon_reviews/app/views/salons/index.html.haml:9: syntax error, unexpected keyword_ensure, expecting end-of-input):
  
app/views/salons/index.html.haml:9: syntax error, unexpected keyword_ensure, expecting end-of-input
Started GET "/" for 127.0.0.1 at 2019-03-05 15:46:38 +0900
Processing by SalonsController#index as HTML
  Rendering salons/index.html.haml within layouts/application
  Rendered salons/_header.html.haml (2.5ms)
  Rendered salons/_recommend.html.haml (9.7ms)
  Rendered salons/_new.html.haml (10.0ms)
  Rendered salons/index.html.haml within layouts/application (36.3ms)
Completed 500 Internal Server Error in 43ms (ActiveRecord: 0.0ms)


  
ActionView::Template::Error (Missing partial salons/_highly_rated, application/_highly_rated with {:locale=>[:en], :formats=>[:html], :variants=>[], :handlers=>[:raw, :erb, :html, :builder, :ruby, :coffee, :jbuilder, :haml]}. Searched in:
  * "/Users/yuya/online_salon_reviews/app/views"
):
    3:   .main-contents--wrapper
    4:     = render("recommend")
    5:     = render("new")
    6:     = render("highly_rated")
    7:   .footer--contener
  
app/views/salons/index.html.haml:6:in `_app_views_salons_index_html_haml__3891622265345263466_70348132881820'
Started GET "/" for 127.0.0.1 at 2019-03-05 15:48:03 +0900
Processing by SalonsController#index as HTML
  Rendering salons/index.html.haml within layouts/application
  Rendered salons/_header.html.haml (4.6ms)
  Rendered salons/_recommend.html.haml (29.2ms)
  Rendered salons/_new.html.haml (20.2ms)
  Rendered salons/_highly_rated.html.haml (27.6ms)
  Rendered salons/index.html.haml within layouts/application (103.2ms)
Completed 200 OK in 153ms (Views: 148.0ms | ActiveRecord: 0.0ms)


Started GET "/" for 127.0.0.1 at 2019-03-05 15:49:51 +0900
Processing by SalonsController#index as HTML
  Rendering salons/index.html.haml within layouts/application
  Rendered salons/_header.html.haml (3.3ms)
  Rendered salons/_recommend.html.haml (10.1ms)
  Rendered salons/_new.html.haml (7.9ms)
  Rendered salons/_highly_rated.html.haml (7.9ms)
  Rendered salons/index.html.haml within layouts/application (41.3ms)
Completed 200 OK in 112ms (Views: 83.2ms | ActiveRecord: 0.0ms)


Started GET "/" for 127.0.0.1 at 2019-03-05 15:51:04 +0900
Processing by SalonsController#index as HTML
  Rendering salons/index.html.haml within layouts/application
  Rendered salons/_header.html.haml (4.3ms)
  Rendered salons/_recommend.html.haml (16.1ms)
  Rendered salons/_new.html.haml (10.9ms)
  Rendered salons/_highly_rated.html.haml (14.3ms)
  Rendered salons/index.html.haml within layouts/application (57.1ms)
Completed 200 OK in 83ms (Views: 80.1ms | ActiveRecord: 0.0ms)


Started GET "/" for 127.0.0.1 at 2019-03-05 15:57:55 +0900
Processing by SalonsController#index as HTML
  Rendering salons/index.html.haml within layouts/application
  Rendered salons/_header.html.haml (4.0ms)
  Rendered salons/_recommend.html.haml (17.3ms)
  Rendered salons/_new.html.haml (9.3ms)
  Rendered salons/_highly_rated.html.haml (11.2ms)
  Rendered salons/index.html.haml within layouts/application (57.4ms)
Completed 200 OK in 106ms (Views: 102.6ms | ActiveRecord: 0.0ms)


Started GET "/" for 127.0.0.1 at 2019-03-05 16:16:12 +0900
  [1m[35m (1.9ms)[0m  [1m[35mSET NAMES utf8,  @@SESSION.sql_mode = CONCAT(CONCAT(@@sql_mode, ',STRICT_ALL_TABLES'), ',NO_AUTO_VALUE_ON_ZERO'),  @@SESSION.sql_auto_is_null = 0, @@SESSION.wait_timeout = 2147483[0m
  â†³ /Users/yuya/.rbenv/versions/2.3.1/lib/ruby/gems/2.3.0/gems/activerecord-5.2.2/lib/active_record/log_subscriber.rb:98
Processing by SalonsController#index as HTML
  Rendering salons/index.html.haml within layouts/application
  Rendered salons/_header.html.haml (7.4ms)
  Rendered salons/_recommend.html.haml (31.2ms)
  Rendered salons/_new.html.haml (17.5ms)
  Rendered salons/_highly_rated.html.haml (17.4ms)
  Rendered salons/index.html.haml within layouts/application (99.1ms)
Completed 200 OK in 168ms (Views: 159.5ms | ActiveRecord: 0.0ms)


